------------------------------------------------------------------------------------------------------------------------

[2022-05-08 15:33:24 #1 store] 
Database '/home/dani/.ramanager/objectdb/alerts.odb' is opened by 19126@Debian11Sec

[2022-05-08 15:33:24 #2 store] 
Configuration path: ?

[2022-05-08 15:33:24 #3 type] 
Type sgbdoo.Alert is not enhanced.

------------------------------------------------------------------------------------------------------------------------

[2022-05-08 15:35:50 #1 store] 
Database '/home/dani/.ramanager/objectdb/alerts.odb' is opened by 19251@Debian11Sec

[2022-05-08 15:35:50 #2 store] 
Configuration path: ?

[2022-05-08 15:35:50 #3 type] 
Type sgbdoo.Alert is not enhanced.

------------------------------------------------------------------------------------------------------------------------

[2022-05-08 15:44:06 #1 store] 
Database '/home/dani/.ramanager/objectdb/alerts.odb' is opened by 19741@Debian11Sec

[2022-05-08 15:44:06 #2 store] 
Configuration path: ?

[2022-05-08 15:44:06 #3 type] 
Type sgbdoo.Alert is not enhanced.

------------------------------------------------------------------------------------------------------------------------

[2022-05-08 15:53:00 #1 store] 
Database '/home/dani/.ramanager/objectdb/alerts.odb' is opened by 20045@Debian11Sec

[2022-05-08 15:53:00 #2 store] 
Configuration path: ?

[2022-05-08 15:53:00 #3 type] 
Type sgbdoo.Alert is not enhanced.

------------------------------------------------------------------------------------------------------------------------

[2022-05-08 16:03:05 #1 store] 
Database '/home/dani/.ramanager/objectdb/alerts.odb' is opened by 20701@Debian11Sec

[2022-05-08 16:03:05 #2 store] 
Configuration path: ?

[2022-05-08 16:03:05 #3 type] 
Type sgbdoo.Alert is not enhanced.

------------------------------------------------------------------------------------------------------------------------

[2022-05-08 16:09:29 #1 store] 
Database '/home/dani/.ramanager/objectdb/alerts.odb' is opened by 20987@Debian11Sec

[2022-05-08 16:09:29 #2 store] 
Configuration path: ?

[2022-05-08 16:09:29 #3 type] 
Type sgbdoo.Alert is not enhanced.

------------------------------------------------------------------------------------------------------------------------

[2022-05-08 16:18:57 #1 store] 
Database '/home/dani/.ramanager/objectdb/alerts.odb' is opened by 21267@Debian11Sec

[2022-05-08 16:18:57 #2 store] 
Configuration path: ?

[2022-05-08 16:18:57 #3 type] 
Type sgbdoo.Alert is not enhanced.

------------------------------------------------------------------------------------------------------------------------

[2022-05-08 16:24:18 #1 store] 
Database '/home/dani/.ramanager/objectdb/alerts.odb' is opened by 21459@Debian11Sec

[2022-05-08 16:24:18 #2 store] 
Configuration path: ?

[2022-05-08 16:24:18 #3 type] 
Type sgbdoo.Alert is not enhanced.

