------------------------------------------------------------------------------------------------------------------------

[2022-05-07 15:22:06 #1 store] 
Database '/home/dani/.ramanager/objectdb/alerts.odb' is opened by 7396@Debian11Sec

[2022-05-07 15:22:06 #2 store] 
Configuration path: ?

------------------------------------------------------------------------------------------------------------------------

[2022-05-07 15:24:53 #1 store] 
Database '/home/dani/.ramanager/objectdb/alerts.odb' has been recovered (tr. 1-3)

[2022-05-07 15:24:53 #2 store] 
Database '/home/dani/.ramanager/objectdb/alerts.odb' is opened by 7510@Debian11Sec

[2022-05-07 15:24:53 #3 store] 
Configuration path: ?

------------------------------------------------------------------------------------------------------------------------

[2022-05-07 15:27:08 #1 store] 
Database '/home/dani/.ramanager/objectdb/alerts.odb' is opened by 7561@Debian11Sec

[2022-05-07 15:27:08 #2 store] 
Configuration path: ?

------------------------------------------------------------------------------------------------------------------------

[2022-05-07 15:29:21 #1 store] 
Database '/home/dani/.ramanager/objectdb/alerts.odb' is opened by 7653@Debian11Sec

[2022-05-07 15:29:21 #2 store] 
Configuration path: ?

------------------------------------------------------------------------------------------------------------------------

[2022-05-07 16:10:08 #1 store] 
Database '/home/dani/.ramanager/objectdb/alerts.odb' is opened by 8850@Debian11Sec

[2022-05-07 16:10:08 #2 store] 
Configuration path: ?

------------------------------------------------------------------------------------------------------------------------

[2022-05-07 16:11:09 #1 store] 
Database '/home/dani/.ramanager/objectdb/alerts.odb' is opened by 8910@Debian11Sec

[2022-05-07 16:11:09 #2 store] 
Configuration path: ?

[2022-05-07 16:11:09 #3 type] 
Type sgbdoo.Alert is not enhanced.

------------------------------------------------------------------------------------------------------------------------

[2022-05-07 16:11:33 #1 store] 
Database '/home/dani/.ramanager/objectdb/alerts.odb' has been recovered (tr. 4-5)

[2022-05-07 16:11:33 #2 store] 
Database '/home/dani/.ramanager/objectdb/alerts.odb' is opened by 8962@Debian11Sec

[2022-05-07 16:11:33 #3 store] 
Configuration path: ?

[2022-05-07 16:11:33 #4 type] 
Type sgbdoo.Alert is not enhanced.

------------------------------------------------------------------------------------------------------------------------

[2022-05-07 16:15:05 #1 store] 
Database '/home/dani/.ramanager/objectdb/alerts.odb' is opened by 9060@Debian11Sec

[2022-05-07 16:15:05 #2 store] 
Configuration path: ?

[2022-05-07 16:15:05 #3 type] 
Type sgbdoo.Alert is not enhanced.

------------------------------------------------------------------------------------------------------------------------

[2022-05-07 16:27:49 #1 store] 
Database '/home/dani/.ramanager/objectdb/alerts.odb' has been recovered (tr. 1-3)

[2022-05-07 16:27:49 #2 store] 
Database '/home/dani/.ramanager/objectdb/alerts.odb' is opened by 9699@Debian11Sec

[2022-05-07 16:27:49 #3 store] 
Configuration path: ?

[2022-05-07 16:27:49 #4 type] 
Type sgbdoo.Alert is not enhanced.

------------------------------------------------------------------------------------------------------------------------

[2022-05-07 16:30:12 #1 store] 
Database '/home/dani/.ramanager/objectdb/alerts.odb' is opened by 9834@Debian11Sec

[2022-05-07 16:30:12 #2 store] 
Configuration path: ?

[2022-05-07 16:30:12 #3 type] 
Type sgbdoo.Alert is not enhanced.

------------------------------------------------------------------------------------------------------------------------

[2022-05-07 16:33:21 #1 store] 
Database '/home/dani/.ramanager/objectdb/alerts.odb' has been recovered (tr. 4-4)

[2022-05-07 16:33:21 #2 store] 
Database '/home/dani/.ramanager/objectdb/alerts.odb' is opened by 9888@Debian11Sec

[2022-05-07 16:33:21 #3 store] 
Configuration path: ?

[2022-05-07 16:33:21 #4 type] 
Type sgbdoo.Alert is not enhanced.

------------------------------------------------------------------------------------------------------------------------

[2022-05-07 16:34:11 #1 store] 
Database '/home/dani/.ramanager/objectdb/alerts.odb' has been recovered (tr. 5-5)

[2022-05-07 16:34:11 #2 store] 
Database '/home/dani/.ramanager/objectdb/alerts.odb' is opened by 9946@Debian11Sec

[2022-05-07 16:34:11 #3 store] 
Configuration path: ?

[2022-05-07 16:34:11 #4 type] 
Type sgbdoo.Alert is not enhanced.

------------------------------------------------------------------------------------------------------------------------

[2022-05-07 19:02:05 #1 store] 
Database '/home/dani/.ramanager/objectdb/alerts.odb' is opened by 10124@Debian11Sec

[2022-05-07 19:02:05 #2 store] 
Configuration path: ?

[2022-05-07 19:02:05 #3 type] 
Type sgbdoo.Alert is not enhanced.

------------------------------------------------------------------------------------------------------------------------

[2022-05-07 19:04:25 #1 store] 
Database '/home/dani/.ramanager/objectdb/alerts.odb' is opened by 10304@Debian11Sec

[2022-05-07 19:04:25 #2 store] 
Configuration path: ?

[2022-05-07 19:04:26 #3 type] 
Type sgbdoo.Alert is not enhanced.

------------------------------------------------------------------------------------------------------------------------

[2022-05-07 19:19:44 #1 store] 
Database '/home/dani/.ramanager/objectdb/alerts.odb' has been recovered (tr. 6-6)

[2022-05-07 19:19:44 #2 store] 
Database '/home/dani/.ramanager/objectdb/alerts.odb' is opened by 10802@Debian11Sec

[2022-05-07 19:19:44 #3 store] 
Configuration path: ?

[2022-05-07 19:19:44 #4 type] 
Type sgbdoo.Alert is not enhanced.

------------------------------------------------------------------------------------------------------------------------

[2022-05-07 19:20:33 #1 store] 
Database '/home/dani/.ramanager/objectdb/alerts.odb' is opened by 10884@Debian11Sec

[2022-05-07 19:20:33 #2 store] 
Configuration path: ?

[2022-05-07 19:20:33 #3 type] 
Type sgbdoo.Alert is not enhanced.

------------------------------------------------------------------------------------------------------------------------

[2022-05-07 19:22:13 #1 store] 
Database '/home/dani/.ramanager/objectdb/alerts.odb' is opened by 10941@Debian11Sec

[2022-05-07 19:22:13 #2 store] 
Configuration path: ?

[2022-05-07 19:22:14 #3 type] 
Type sgbdoo.Alert is not enhanced.

------------------------------------------------------------------------------------------------------------------------

[2022-05-07 19:24:44 #1 store] 
Database '/home/dani/.ramanager/objectdb/alerts.odb' has been recovered (tr. 8-8)

[2022-05-07 19:24:44 #2 store] 
Database '/home/dani/.ramanager/objectdb/alerts.odb' is opened by 11116@Debian11Sec

[2022-05-07 19:24:44 #3 store] 
Configuration path: ?

[2022-05-07 19:24:44 #4 type] 
Type sgbdoo.Alert is not enhanced.

------------------------------------------------------------------------------------------------------------------------

[2022-05-07 19:25:45 #1 store] 
Database '/home/dani/.ramanager/objectdb/alerts.odb' is opened by 11202@Debian11Sec

[2022-05-07 19:25:45 #2 store] 
Configuration path: ?

[2022-05-07 19:25:45 #3 type] 
Type sgbdoo.Alert is not enhanced.

------------------------------------------------------------------------------------------------------------------------

[2022-05-07 19:26:06 #1 store] 
Database '/home/dani/.ramanager/objectdb/alerts.odb' has been recovered (tr. 10-10)

[2022-05-07 19:26:06 #2 store] 
Database '/home/dani/.ramanager/objectdb/alerts.odb' is opened by 11252@Debian11Sec

[2022-05-07 19:26:06 #3 store] 
Configuration path: ?

[2022-05-07 19:26:06 #4 type] 
Type sgbdoo.Alert is not enhanced.

------------------------------------------------------------------------------------------------------------------------

[2022-05-07 19:26:35 #1 store] 
Database '/home/dani/.ramanager/objectdb/alerts.odb' is opened by 11303@Debian11Sec

[2022-05-07 19:26:35 #2 store] 
Configuration path: ?

[2022-05-07 19:26:35 #3 type] 
Type sgbdoo.Alert is not enhanced.

------------------------------------------------------------------------------------------------------------------------

[2022-05-07 19:27:40 #1 store] 
Database '/home/dani/.ramanager/objectdb/alerts.odb' is opened by 11358@Debian11Sec

[2022-05-07 19:27:40 #2 store] 
Configuration path: ?

[2022-05-07 19:27:40 #3 type] 
Type sgbdoo.Alert is not enhanced.

------------------------------------------------------------------------------------------------------------------------

[2022-05-07 19:34:15 #1 store] 
Database '/home/dani/.ramanager/objectdb/alerts.odb' has been recovered (tr. 12-12)

[2022-05-07 19:34:15 #2 store] 
Database '/home/dani/.ramanager/objectdb/alerts.odb' is opened by 11552@Debian11Sec

[2022-05-07 19:34:15 #3 store] 
Configuration path: ?

[2022-05-07 19:34:15 #4 type] 
Type sgbdoo.Alert is not enhanced.

------------------------------------------------------------------------------------------------------------------------

[2022-05-07 19:35:34 #1 store] 
Database '/home/dani/.ramanager/objectdb/alerts.odb' is opened by 11659@Debian11Sec

[2022-05-07 19:35:34 #2 store] 
Configuration path: ?

[2022-05-07 19:35:34 #3 type] 
Type sgbdoo.Alert is not enhanced.

------------------------------------------------------------------------------------------------------------------------

[2022-05-07 19:36:22 #1 store] 
Database '/home/dani/.ramanager/objectdb/alerts.odb' has been recovered (tr. 14-14)

[2022-05-07 19:36:22 #2 store] 
Database '/home/dani/.ramanager/objectdb/alerts.odb' is opened by 11730@Debian11Sec

[2022-05-07 19:36:22 #3 store] 
Configuration path: ?

[2022-05-07 19:36:22 #4 type] 
Type sgbdoo.Alert is not enhanced.

------------------------------------------------------------------------------------------------------------------------

[2022-05-07 19:37:49 #1 store] 
Database '/home/dani/.ramanager/objectdb/alerts.odb' has been recovered (tr. 16-16)

[2022-05-07 19:37:49 #2 store] 
Database '/home/dani/.ramanager/objectdb/alerts.odb' is opened by 11797@Debian11Sec

[2022-05-07 19:37:49 #3 store] 
Configuration path: ?

[2022-05-07 19:37:49 #4 type] 
Type sgbdoo.Alert is not enhanced.

------------------------------------------------------------------------------------------------------------------------

[2022-05-07 19:39:02 #1 store] 
Database '/home/dani/.ramanager/objectdb/alerts.odb' has been recovered (tr. 18-18)

[2022-05-07 19:39:02 #2 store] 
Database '/home/dani/.ramanager/objectdb/alerts.odb' is opened by 11863@Debian11Sec

[2022-05-07 19:39:02 #3 store] 
Configuration path: ?

[2022-05-07 19:39:02 #4 type] 
Type sgbdoo.Alert is not enhanced.

------------------------------------------------------------------------------------------------------------------------

[2022-05-07 19:42:05 #1 store] 
Database '/home/dani/.ramanager/objectdb/alerts.odb' has been recovered (tr. 19-21)

[2022-05-07 19:42:05 #2 store] 
Database '/home/dani/.ramanager/objectdb/alerts.odb' is opened by 12006@Debian11Sec

[2022-05-07 19:42:05 #3 store] 
Configuration path: ?

[2022-05-07 19:42:05 #4 type] 
Type sgbdoo.Alert is not enhanced.

------------------------------------------------------------------------------------------------------------------------

[2022-05-07 19:42:29 #1 store] 
Database '/home/dani/.ramanager/objectdb/alerts.odb' has been recovered (tr. 23-23)

[2022-05-07 19:42:29 #2 store] 
Database '/home/dani/.ramanager/objectdb/alerts.odb' is opened by 12056@Debian11Sec

[2022-05-07 19:42:29 #3 store] 
Configuration path: ?

[2022-05-07 19:42:29 #4 type] 
Type sgbdoo.Alert is not enhanced.

------------------------------------------------------------------------------------------------------------------------

[2022-05-07 19:47:41 #1 store] 
Database '/home/dani/.ramanager/objectdb/alerts.odb' has been recovered (tr. 25-27)

[2022-05-07 19:47:41 #2 store] 
Database '/home/dani/.ramanager/objectdb/alerts.odb' is opened by 12263@Debian11Sec

[2022-05-07 19:47:41 #3 store] 
Configuration path: ?

[2022-05-07 19:47:41 #4 type] 
Type sgbdoo.Alert is not enhanced.

------------------------------------------------------------------------------------------------------------------------

[2022-05-07 19:49:44 #1 store] 
Database '/home/dani/.ramanager/objectdb/alerts.odb' has been recovered (tr. 28-30)

[2022-05-07 19:49:44 #2 store] 
Database '/home/dani/.ramanager/objectdb/alerts.odb' is opened by 12327@Debian11Sec

[2022-05-07 19:49:44 #3 store] 
Configuration path: ?

[2022-05-07 19:49:44 #4 type] 
Type sgbdoo.Alert is not enhanced.

------------------------------------------------------------------------------------------------------------------------

[2022-05-07 19:50:04 #1 store] 
Database '/home/dani/.ramanager/objectdb/alerts.odb' has been recovered (tr. 33-33)

[2022-05-07 19:50:04 #2 store] 
Database '/home/dani/.ramanager/objectdb/alerts.odb' is opened by 12379@Debian11Sec

[2022-05-07 19:50:04 #3 store] 
Configuration path: ?

[2022-05-07 19:50:04 #4 type] 
Type sgbdoo.Alert is not enhanced.

------------------------------------------------------------------------------------------------------------------------

[2022-05-07 19:53:29 #1 store] 
Database '/home/dani/.ramanager/objectdb/alerts.odb' has been recovered (tr. 35-35)

[2022-05-07 19:53:29 #2 store] 
Database '/home/dani/.ramanager/objectdb/alerts.odb' is opened by 12554@Debian11Sec

[2022-05-07 19:53:29 #3 store] 
Configuration path: ?

[2022-05-07 19:53:29 #4 type] 
Type sgbdoo.Alert is not enhanced.

------------------------------------------------------------------------------------------------------------------------

[2022-05-07 20:05:55 #1 store] 
Database '/home/dani/.ramanager/objectdb/alerts.odb' is opened by 13087@Debian11Sec

[2022-05-07 20:05:55 #2 store] 
Configuration path: ?

[2022-05-07 20:05:55 #3 type] 
Type sgbdoo.Alert is not enhanced.

------------------------------------------------------------------------------------------------------------------------

[2022-05-07 20:10:40 #1 store] 
Database '/home/dani/.ramanager/objectdb/alerts.odb' is opened by 13286@Debian11Sec

[2022-05-07 20:10:40 #2 store] 
Configuration path: ?

[2022-05-07 20:10:40 #3 type] 
Type sgbdoo.Alert is not enhanced.

------------------------------------------------------------------------------------------------------------------------

[2022-05-07 20:25:17 #1 store] 
Database '/home/dani/.ramanager/objectdb/alerts.odb' is opened by 13493@Debian11Sec

[2022-05-07 20:25:17 #2 store] 
Configuration path: ?

[2022-05-07 20:25:17 #3 type] 
Type sgbdoo.Alert is not enhanced.

------------------------------------------------------------------------------------------------------------------------

[2022-05-07 20:26:46 #1 store] 
Database '/home/dani/.ramanager/objectdb/alerts.odb' is opened by 13564@Debian11Sec

[2022-05-07 20:26:46 #2 store] 
Configuration path: ?

[2022-05-07 20:26:46 #3 type] 
Type sgbdoo.Alert is not enhanced.

------------------------------------------------------------------------------------------------------------------------

[2022-05-07 20:27:56 #1 store] 
Database '/home/dani/.ramanager/objectdb/alerts.odb' has been recovered (tr. 37-43)

[2022-05-07 20:27:56 #2 store] 
Database '/home/dani/.ramanager/objectdb/alerts.odb' is opened by 13620@Debian11Sec

[2022-05-07 20:27:56 #3 store] 
Configuration path: ?

[2022-05-07 20:27:56 #4 type] 
Type sgbdoo.Alert is not enhanced.

------------------------------------------------------------------------------------------------------------------------

[2022-05-07 20:38:40 #1 store] 
Database '/home/dani/.ramanager/objectdb/alerts.odb' is opened by 13937@Debian11Sec

[2022-05-07 20:38:40 #2 store] 
Configuration path: ?

[2022-05-07 20:38:40 #3 type] 
Type sgbdoo.Alert is not enhanced.

------------------------------------------------------------------------------------------------------------------------

[2022-05-07 21:00:18 #1 store] 
Database '/home/dani/.ramanager/objectdb/alerts.odb' is opened by 14846@Debian11Sec

[2022-05-07 21:00:18 #2 store] 
Configuration path: ?

[2022-05-07 21:00:18 #3 type] 
Type sgbdoo.Alert is not enhanced.

------------------------------------------------------------------------------------------------------------------------

[2022-05-07 21:00:52 #1 store] 
Database '/home/dani/.ramanager/objectdb/alerts.odb' is opened by 14901@Debian11Sec

[2022-05-07 21:00:52 #2 store] 
Configuration path: ?

[2022-05-07 21:00:52 #3 type] 
Type sgbdoo.Alert is not enhanced.

------------------------------------------------------------------------------------------------------------------------

[2022-05-07 21:01:31 #1 store] 
Database '/home/dani/.ramanager/objectdb/alerts.odb' is opened by 14980@Debian11Sec

[2022-05-07 21:01:31 #2 store] 
Configuration path: ?

[2022-05-07 21:01:31 #3 type] 
Type sgbdoo.Alert is not enhanced.

------------------------------------------------------------------------------------------------------------------------

[2022-05-07 21:02:11 #1 store] 
Database '/home/dani/.ramanager/objectdb/alerts.odb' is opened by 15035@Debian11Sec

[2022-05-07 21:02:11 #2 store] 
Configuration path: ?

[2022-05-07 21:02:11 #3 type] 
Type sgbdoo.Alert is not enhanced.

------------------------------------------------------------------------------------------------------------------------

[2022-05-07 21:02:28 #1 store] 
Database '/home/dani/.ramanager/objectdb/alerts.odb' is opened by 15089@Debian11Sec

[2022-05-07 21:02:28 #2 store] 
Configuration path: ?

[2022-05-07 21:02:28 #3 type] 
Type sgbdoo.Alert is not enhanced.

------------------------------------------------------------------------------------------------------------------------

[2022-05-07 21:03:08 #1 store] 
Database '/home/dani/.ramanager/objectdb/alerts.odb' has been recovered (tr. 45-45)

[2022-05-07 21:03:08 #2 store] 
Database '/home/dani/.ramanager/objectdb/alerts.odb' is opened by 15147@Debian11Sec

[2022-05-07 21:03:08 #3 store] 
Configuration path: ?

[2022-05-07 21:03:08 #4 type] 
Type sgbdoo.Alert is not enhanced.

------------------------------------------------------------------------------------------------------------------------

[2022-05-07 21:03:46 #1 store] 
Database '/home/dani/.ramanager/objectdb/alerts.odb' has been recovered (tr. 46-46)

[2022-05-07 21:03:46 #2 store] 
Database '/home/dani/.ramanager/objectdb/alerts.odb' is opened by 15205@Debian11Sec

[2022-05-07 21:03:46 #3 store] 
Configuration path: ?

[2022-05-07 21:03:46 #4 type] 
Type sgbdoo.Alert is not enhanced.

------------------------------------------------------------------------------------------------------------------------

[2022-05-07 21:04:08 #1 store] 
Database '/home/dani/.ramanager/objectdb/alerts.odb' has been recovered (tr. 48-48)

[2022-05-07 21:04:08 #2 store] 
Database '/home/dani/.ramanager/objectdb/alerts.odb' is opened by 15258@Debian11Sec

[2022-05-07 21:04:08 #3 store] 
Configuration path: ?

[2022-05-07 21:04:08 #4 type] 
Type sgbdoo.Alert is not enhanced.

------------------------------------------------------------------------------------------------------------------------

[2022-05-07 21:08:39 #1 store] 
Database '/home/dani/.ramanager/objectdb/alerts.odb' is opened by 15460@Debian11Sec

[2022-05-07 21:08:39 #2 store] 
Configuration path: ?

[2022-05-07 21:08:39 #3 type] 
Type sgbdoo.Alert is not enhanced.

------------------------------------------------------------------------------------------------------------------------

[2022-05-07 21:09:21 #1 store] 
Database '/home/dani/.ramanager/objectdb/alerts.odb' has been recovered (tr. 50-56)

[2022-05-07 21:09:21 #2 store] 
Database '/home/dani/.ramanager/objectdb/alerts.odb' is opened by 15563@Debian11Sec

[2022-05-07 21:09:21 #3 store] 
Configuration path: ?

[2022-05-07 21:09:21 #4 type] 
Type sgbdoo.Alert is not enhanced.

------------------------------------------------------------------------------------------------------------------------

[2022-05-07 21:10:24 #1 store] 
Database '/home/dani/.ramanager/objectdb/alerts.odb' has been recovered (tr. 58-58)

[2022-05-07 21:10:24 #2 store] 
Database '/home/dani/.ramanager/objectdb/alerts.odb' is opened by 15618@Debian11Sec

[2022-05-07 21:10:24 #3 store] 
Configuration path: ?

[2022-05-07 21:10:24 #4 type] 
Type sgbdoo.Alert is not enhanced.

------------------------------------------------------------------------------------------------------------------------

[2022-05-07 21:13:02 #1 store] 
Database '/home/dani/.ramanager/objectdb/alerts.odb' has been recovered (tr. 60-60)

[2022-05-07 21:13:02 #2 store] 
Database '/home/dani/.ramanager/objectdb/alerts.odb' is opened by 15760@Debian11Sec

[2022-05-07 21:13:02 #3 store] 
Configuration path: ?

[2022-05-07 21:13:02 #4 type] 
Type sgbdoo.Alert is not enhanced.

------------------------------------------------------------------------------------------------------------------------

[2022-05-07 21:20:00 #1 store] 
Database '/home/dani/.ramanager/objectdb/alerts.odb' is opened by 16105@Debian11Sec

[2022-05-07 21:20:00 #2 store] 
Configuration path: ?

[2022-05-07 21:20:00 #3 type] 
Type sgbdoo.Alert is not enhanced.

------------------------------------------------------------------------------------------------------------------------

[2022-05-07 21:24:38 #1 store] 
Database '/home/dani/.ramanager/objectdb/alerts.odb' is opened by 16360@Debian11Sec

[2022-05-07 21:24:38 #2 store] 
Configuration path: ?

[2022-05-07 21:24:38 #3 type] 
Type sgbdoo.Alert is not enhanced.

------------------------------------------------------------------------------------------------------------------------

[2022-05-07 21:31:18 #1 store] 
Database '/home/dani/.ramanager/objectdb/alerts.odb' has been recovered (tr. 64-65)

[2022-05-07 21:31:18 #2 store] 
Database '/home/dani/.ramanager/objectdb/alerts.odb' is opened by 16460@Debian11Sec

[2022-05-07 21:31:18 #3 store] 
Configuration path: ?

[2022-05-07 21:31:19 #4 type] 
Type sgbdoo.Alert is not enhanced.

------------------------------------------------------------------------------------------------------------------------

[2022-05-07 21:37:24 #1 store] 
Database '/home/dani/.ramanager/objectdb/alerts.odb' is opened by 16687@Debian11Sec

[2022-05-07 21:37:24 #2 store] 
Configuration path: ?

[2022-05-07 21:37:24 #3 type] 
Type sgbdoo.Alert is not enhanced.

------------------------------------------------------------------------------------------------------------------------

[2022-05-07 21:38:48 #1 store] 
Database '/home/dani/.ramanager/objectdb/alerts.odb' has been recovered (tr. 66-66)

[2022-05-07 21:38:48 #2 store] 
Database '/home/dani/.ramanager/objectdb/alerts.odb' is opened by 16743@Debian11Sec

[2022-05-07 21:38:48 #3 store] 
Configuration path: ?

[2022-05-07 21:38:48 #4 type] 
Type sgbdoo.Alert is not enhanced.

------------------------------------------------------------------------------------------------------------------------

[2022-05-07 21:41:40 #1 store] 
Database '/home/dani/.ramanager/objectdb/alerts.odb' is opened by 16909@Debian11Sec

[2022-05-07 21:41:40 #2 store] 
Configuration path: ?

[2022-05-07 21:41:40 #3 type] 
Type sgbdoo.Alert is not enhanced.

------------------------------------------------------------------------------------------------------------------------

[2022-05-07 21:42:46 #1 store] 
Database '/home/dani/.ramanager/objectdb/alerts.odb' is opened by 16991@Debian11Sec

[2022-05-07 21:42:46 #2 store] 
Configuration path: ?

[2022-05-07 21:42:46 #3 type] 
Type sgbdoo.Alert is not enhanced.

------------------------------------------------------------------------------------------------------------------------

[2022-05-07 21:44:05 #1 store] 
Database '/home/dani/.ramanager/objectdb/alerts.odb' is opened by 17139@Debian11Sec

[2022-05-07 21:44:05 #2 store] 
Configuration path: ?

[2022-05-07 21:44:06 #3 type] 
Type sgbdoo.Alert is not enhanced.

------------------------------------------------------------------------------------------------------------------------

[2022-05-07 21:44:44 #1 store] 
Database '/home/dani/.ramanager/objectdb/alerts.odb' is opened by 17193@Debian11Sec

[2022-05-07 21:44:44 #2 store] 
Configuration path: ?

[2022-05-07 21:44:44 #3 type] 
Type sgbdoo.Alert is not enhanced.

------------------------------------------------------------------------------------------------------------------------

[2022-05-07 21:46:15 #1 store] 
Database '/home/dani/.ramanager/objectdb/alerts.odb' is opened by 17293@Debian11Sec

[2022-05-07 21:46:15 #2 store] 
Configuration path: ?

[2022-05-07 21:46:15 #3 type] 
Type sgbdoo.Alert is not enhanced.

------------------------------------------------------------------------------------------------------------------------

[2022-05-07 21:47:06 #1 store] 
Database '/home/dani/.ramanager/objectdb/alerts.odb' is opened by 17355@Debian11Sec

[2022-05-07 21:47:06 #2 store] 
Configuration path: ?

[2022-05-07 21:47:06 #3 type] 
Type sgbdoo.Alert is not enhanced.

------------------------------------------------------------------------------------------------------------------------

[2022-05-07 21:47:55 #1 store] 
Database '/home/dani/.ramanager/objectdb/alerts.odb' is opened by 17408@Debian11Sec

[2022-05-07 21:47:55 #2 store] 
Configuration path: ?

[2022-05-07 21:47:55 #3 type] 
Type sgbdoo.Alert is not enhanced.

